2025-07-30T14:43:11.617+05:30  INFO 21500 --- [deutsche-springboot-demo] [main] com.deutsche.demo.App                    : Starting App using Java 17.0.1 with PID 21500 (C:\Users\abhin\IdeaProjects\db-training\abhin-db-bootcamp\deutsche-springboot-demo\target\classes started by abhin in C:\Users\abhin\IdeaProjects\db-training\abhin-db-bootcamp)
2025-07-30T14:43:11.619+05:30 DEBUG 21500 --- [deutsche-springboot-demo] [main] com.deutsche.demo.App                    : Running with Spring Boot v3.5.4, Spring v6.2.9
2025-07-30T14:43:11.620+05:30  INFO 21500 --- [deutsche-springboot-demo] [main] com.deutsche.demo.App                    : No active profile set, falling back to 1 default profile: "default"
2025-07-30T14:43:12.565+05:30  INFO 21500 --- [deutsche-springboot-demo] [main] .s.d.r.c.RepositoryConfigurationDelegate : Bootstrapping Spring Data JPA repositories in DEFAULT mode.
2025-07-30T14:43:12.616+05:30  INFO 21500 --- [deutsche-springboot-demo] [main] .s.d.r.c.RepositoryConfigurationDelegate : Finished Spring Data repository scanning in 41 ms. Found 1 JPA repository interface.
2025-07-30T14:43:13.016+05:30  INFO 21500 --- [deutsche-springboot-demo] [main] o.s.b.w.embedded.tomcat.TomcatWebServer  : Tomcat initialized with port 9090 (http)
2025-07-30T14:43:13.025+05:30  INFO 21500 --- [deutsche-springboot-demo] [main] o.apache.catalina.core.StandardService   : Starting service [Tomcat]
2025-07-30T14:43:13.027+05:30  INFO 21500 --- [deutsche-springboot-demo] [main] o.apache.catalina.core.StandardEngine    : Starting Servlet engine: [Apache Tomcat/10.1.43]
2025-07-30T14:43:13.090+05:30  INFO 21500 --- [deutsche-springboot-demo] [main] o.a.c.c.C.[.[localhost].[/api/v1]        : Initializing Spring embedded WebApplicationContext
2025-07-30T14:43:13.090+05:30  INFO 21500 --- [deutsche-springboot-demo] [main] w.s.c.ServletWebServerApplicationContext : Root WebApplicationContext: initialization completed in 1422 ms
2025-07-30T14:43:13.236+05:30  INFO 21500 --- [deutsche-springboot-demo] [main] o.hibernate.jpa.internal.util.LogHelper  : HHH000204: Processing PersistenceUnitInfo [name: default]
2025-07-30T14:43:13.328+05:30  INFO 21500 --- [deutsche-springboot-demo] [main] org.hibernate.Version                    : HHH000412: Hibernate ORM core version 6.6.22.Final
2025-07-30T14:43:13.385+05:30  INFO 21500 --- [deutsche-springboot-demo] [main] o.h.c.internal.RegionFactoryInitiator    : HHH000026: Second-level cache disabled
2025-07-30T14:43:13.674+05:30  INFO 21500 --- [deutsche-springboot-demo] [main] o.s.o.j.p.SpringPersistenceUnitInfo      : No LoadTimeWeaver setup: ignoring JPA class transformer
2025-07-30T14:43:13.700+05:30  INFO 21500 --- [deutsche-springboot-demo] [main] com.zaxxer.hikari.HikariDataSource       : HikariPool-1 - Starting...
2025-07-30T14:43:13.984+05:30  INFO 21500 --- [deutsche-springboot-demo] [main] com.zaxxer.hikari.pool.HikariPool        : HikariPool-1 - Added connection org.postgresql.jdbc.PgConnection@722b2728
2025-07-30T14:43:13.985+05:30  INFO 21500 --- [deutsche-springboot-demo] [main] com.zaxxer.hikari.HikariDataSource       : HikariPool-1 - Start completed.
2025-07-30T14:43:14.062+05:30  INFO 21500 --- [deutsche-springboot-demo] [main] org.hibernate.orm.connections.pooling    : HHH10001005: Database info:
	Database JDBC URL [Connecting through datasource 'HikariDataSource (HikariPool-1)']
	Database driver: undefined/unknown
	Database version: 17.5
	Autocommit mode: undefined/unknown
	Isolation level: undefined/unknown
	Minimum pool size: undefined/unknown
	Maximum pool size: undefined/unknown
2025-07-30T14:43:14.962+05:30  INFO 21500 --- [deutsche-springboot-demo] [main] o.h.e.t.j.p.i.JtaPlatformInitiator       : HHH000489: No JTA platform available (set 'hibernate.transaction.jta.platform' to enable JTA platform integration)
2025-07-30T14:43:15.055+05:30  INFO 21500 --- [deutsche-springboot-demo] [main] j.LocalContainerEntityManagerFactoryBean : Initialized JPA EntityManagerFactory for persistence unit 'default'
2025-07-30T14:43:15.527+05:30  WARN 21500 --- [deutsche-springboot-demo] [main] JpaBaseConfiguration$JpaWebConfiguration : spring.jpa.open-in-view is enabled by default. Therefore, database queries may be performed during view rendering. Explicitly configure spring.jpa.open-in-view to disable this warning
2025-07-30T14:43:16.013+05:30  INFO 21500 --- [deutsche-springboot-demo] [main] o.s.b.w.embedded.tomcat.TomcatWebServer  : Tomcat started on port 9090 (http) with context path '/api/v1'
2025-07-30T14:43:16.024+05:30  INFO 21500 --- [deutsche-springboot-demo] [main] com.deutsche.demo.App                    : Started App in 4.995 seconds (process running for 5.68)
2025-07-30T14:44:05.990+05:30  INFO 21500 --- [deutsche-springboot-demo] [http-nio-9090-exec-1] o.a.c.c.C.[.[localhost].[/api/v1]        : Initializing Spring DispatcherServlet 'dispatcherServlet'
2025-07-30T14:44:05.991+05:30  INFO 21500 --- [deutsche-springboot-demo] [http-nio-9090-exec-1] o.s.web.servlet.DispatcherServlet        : Initializing Servlet 'dispatcherServlet'
2025-07-30T14:44:05.993+05:30  INFO 21500 --- [deutsche-springboot-demo] [http-nio-9090-exec-1] o.s.web.servlet.DispatcherServlet        : Completed initialization in 1 ms
2025-07-30T14:44:06.036+05:30  INFO 21500 --- [deutsche-springboot-demo] [http-nio-9090-exec-1] c.d.demo.controller.EmployeeController   : Searching for employees with name: Sonu
2025-07-30T14:44:06.036+05:30 DEBUG 21500 --- [deutsche-springboot-demo] [http-nio-9090-exec-1] c.deutsche.demo.service.EmployeeService  : Searching for employees with name containing: Sonu
