2025-07-31T09:08:33.929+05:30  INFO 9016 --- [deutsche-springboot-demo] [main] [                                                 ] .d.DeutscheSpringbootDemoApplicationTest : Starting DeutscheSpringbootDemoApplicationTest using Java 17.0.1 with PID 9016 (started by abhin in C:\Users\abhin\IdeaProjects\db-training\abhin-db-bootcamp\deutsche-springboot-demo)
2025-07-31T09:08:33.933+05:30 DEBUG 9016 --- [deutsche-springboot-demo] [main] [                                                 ] .d.DeutscheSpringbootDemoApplicationTest : Running with Spring Boot v3.5.4, Spring v6.2.9
2025-07-31T09:08:33.934+05:30  INFO 9016 --- [deutsche-springboot-demo] [main] [                                                 ] .d.DeutscheSpringbootDemoApplicationTest : The following 1 profile is active: "test"
2025-07-31T09:08:36.384+05:30  INFO 9016 --- [deutsche-springboot-demo] [main] [                                                 ] .s.d.r.c.RepositoryConfigurationDelegate : Bootstrapping Spring Data JPA repositories in DEFAULT mode.
2025-07-31T09:08:36.490+05:30  INFO 9016 --- [deutsche-springboot-demo] [main] [                                                 ] .s.d.r.c.RepositoryConfigurationDelegate : Finished Spring Data repository scanning in 88 ms. Found 1 JPA repository interface.
2025-07-31T09:08:37.532+05:30  INFO 9016 --- [deutsche-springboot-demo] [main] [                                                 ] o.hibernate.jpa.internal.util.LogHelper  : HHH000204: Processing PersistenceUnitInfo [name: default]
2025-07-31T09:08:37.654+05:30  INFO 9016 --- [deutsche-springboot-demo] [main] [                                                 ] org.hibernate.Version                    : HHH000412: Hibernate ORM core version 6.6.22.Final
2025-07-31T09:08:37.738+05:30  INFO 9016 --- [deutsche-springboot-demo] [main] [                                                 ] o.h.c.internal.RegionFactoryInitiator    : HHH000026: Second-level cache disabled
2025-07-31T09:08:38.284+05:30  INFO 9016 --- [deutsche-springboot-demo] [main] [                                                 ] o.s.o.j.p.SpringPersistenceUnitInfo      : No LoadTimeWeaver setup: ignoring JPA class transformer
2025-07-31T09:08:38.361+05:30  INFO 9016 --- [deutsche-springboot-demo] [main] [                                                 ] com.zaxxer.hikari.HikariDataSource       : HikariPool-1 - Starting...
2025-07-31T09:08:38.695+05:30  INFO 9016 --- [deutsche-springboot-demo] [main] [                                                 ] com.zaxxer.hikari.pool.HikariPool        : HikariPool-1 - Added connection org.postgresql.jdbc.PgConnection@6a552721
2025-07-31T09:08:38.699+05:30  INFO 9016 --- [deutsche-springboot-demo] [main] [                                                 ] com.zaxxer.hikari.HikariDataSource       : HikariPool-1 - Start completed.
2025-07-31T09:08:38.813+05:30  INFO 9016 --- [deutsche-springboot-demo] [main] [                                                 ] org.hibernate.orm.connections.pooling    : HHH10001005: Database info:
	Database JDBC URL [Connecting through datasource 'HikariDataSource (HikariPool-1)']
	Database driver: undefined/unknown
	Database version: 17.5
	Autocommit mode: undefined/unknown
	Isolation level: undefined/unknown
	Minimum pool size: undefined/unknown
	Maximum pool size: undefined/unknown
2025-07-31T09:08:40.178+05:30  INFO 9016 --- [deutsche-springboot-demo] [main] [                                                 ] o.h.e.t.j.p.i.JtaPlatformInitiator       : HHH000489: No JTA platform available (set 'hibernate.transaction.jta.platform' to enable JTA platform integration)
2025-07-31T09:08:40.261+05:30  INFO 9016 --- [deutsche-springboot-demo] [main] [                                                 ] j.LocalContainerEntityManagerFactoryBean : Initialized JPA EntityManagerFactory for persistence unit 'default'
2025-07-31T09:08:41.023+05:30  WARN 9016 --- [deutsche-springboot-demo] [main] [                                                 ] JpaBaseConfiguration$JpaWebConfiguration : spring.jpa.open-in-view is enabled by default. Therefore, database queries may be performed during view rendering. Explicitly configure spring.jpa.open-in-view to disable this warning
2025-07-31T09:08:41.254+05:30  INFO 9016 --- [deutsche-springboot-demo] [main] [                                                 ] r$InitializeUserDetailsManagerConfigurer : Global AuthenticationManager configured with UserDetailsService bean with name userDetailsService
2025-07-31T09:08:43.157+05:30  INFO 9016 --- [deutsche-springboot-demo] [main] [                                                 ] o.s.b.a.e.web.EndpointLinksResolver      : Exposing 14 endpoints beneath base path '/actuator'
2025-07-31T09:08:43.348+05:30  INFO 9016 --- [deutsche-springboot-demo] [main] [                                                 ] .d.DeutscheSpringbootDemoApplicationTest : Started DeutscheSpringbootDemoApplicationTest in 10.143 seconds (process running for 12.85)
2025-07-31T09:08:44.073+05:30  INFO 9016 --- [deutsche-springboot-demo] [SpringApplicationShutdownHook] [                                                 ] j.LocalContainerEntityManagerFactoryBean : Closing JPA EntityManagerFactory for persistence unit 'default'
2025-07-31T09:08:44.077+05:30  INFO 9016 --- [deutsche-springboot-demo] [SpringApplicationShutdownHook] [                                                 ] com.zaxxer.hikari.HikariDataSource       : HikariPool-1 - Shutdown initiated...
2025-07-31T09:08:44.082+05:30  INFO 9016 --- [deutsche-springboot-demo] [SpringApplicationShutdownHook] [                                                 ] com.zaxxer.hikari.HikariDataSource       : HikariPool-1 - Shutdown completed.
2025-07-31T09:09:10.782+05:30  INFO 4232 --- [deutsche-springboot-demo] [main] [                                                 ] c.d.demo.service.EmployeeServiceTest     : Starting EmployeeServiceTest using Java 17.0.1 with PID 4232 (started by abhin in C:\Users\abhin\IdeaProjects\db-training\abhin-db-bootcamp\deutsche-springboot-demo)
2025-07-31T09:09:10.788+05:30 DEBUG 4232 --- [deutsche-springboot-demo] [main] [                                                 ] c.d.demo.service.EmployeeServiceTest     : Running with Spring Boot v3.5.4, Spring v6.2.9
2025-07-31T09:09:10.789+05:30  INFO 4232 --- [deutsche-springboot-demo] [main] [                                                 ] c.d.demo.service.EmployeeServiceTest     : The following 1 profile is active: "test"
2025-07-31T09:09:13.183+05:30  INFO 4232 --- [deutsche-springboot-demo] [main] [                                                 ] .s.d.r.c.RepositoryConfigurationDelegate : Bootstrapping Spring Data JPA repositories in DEFAULT mode.
2025-07-31T09:09:13.274+05:30  INFO 4232 --- [deutsche-springboot-demo] [main] [                                                 ] .s.d.r.c.RepositoryConfigurationDelegate : Finished Spring Data repository scanning in 74 ms. Found 1 JPA repository interface.
2025-07-31T09:09:14.270+05:30  INFO 4232 --- [deutsche-springboot-demo] [main] [                                                 ] o.hibernate.jpa.internal.util.LogHelper  : HHH000204: Processing PersistenceUnitInfo [name: default]
2025-07-31T09:09:14.386+05:30  INFO 4232 --- [deutsche-springboot-demo] [main] [                                                 ] org.hibernate.Version                    : HHH000412: Hibernate ORM core version 6.6.22.Final
2025-07-31T09:09:14.450+05:30  INFO 4232 --- [deutsche-springboot-demo] [main] [                                                 ] o.h.c.internal.RegionFactoryInitiator    : HHH000026: Second-level cache disabled
2025-07-31T09:09:15.063+05:30  INFO 4232 --- [deutsche-springboot-demo] [main] [                                                 ] o.s.o.j.p.SpringPersistenceUnitInfo      : No LoadTimeWeaver setup: ignoring JPA class transformer
2025-07-31T09:09:15.128+05:30  INFO 4232 --- [deutsche-springboot-demo] [main] [                                                 ] com.zaxxer.hikari.HikariDataSource       : HikariPool-1 - Starting...
2025-07-31T09:09:15.547+05:30  INFO 4232 --- [deutsche-springboot-demo] [main] [                                                 ] com.zaxxer.hikari.pool.HikariPool        : HikariPool-1 - Added connection org.postgresql.jdbc.PgConnection@6cfd08e9
2025-07-31T09:09:15.553+05:30  INFO 4232 --- [deutsche-springboot-demo] [main] [                                                 ] com.zaxxer.hikari.HikariDataSource       : HikariPool-1 - Start completed.
2025-07-31T09:09:15.730+05:30  INFO 4232 --- [deutsche-springboot-demo] [main] [                                                 ] org.hibernate.orm.connections.pooling    : HHH10001005: Database info:
	Database JDBC URL [Connecting through datasource 'HikariDataSource (HikariPool-1)']
	Database driver: undefined/unknown
	Database version: 17.5
	Autocommit mode: undefined/unknown
	Isolation level: undefined/unknown
	Minimum pool size: undefined/unknown
	Maximum pool size: undefined/unknown
2025-07-31T09:09:17.211+05:30  INFO 4232 --- [deutsche-springboot-demo] [main] [                                                 ] o.h.e.t.j.p.i.JtaPlatformInitiator       : HHH000489: No JTA platform available (set 'hibernate.transaction.jta.platform' to enable JTA platform integration)
2025-07-31T09:09:17.285+05:30  INFO 4232 --- [deutsche-springboot-demo] [main] [                                                 ] j.LocalContainerEntityManagerFactoryBean : Initialized JPA EntityManagerFactory for persistence unit 'default'
2025-07-31T09:09:17.991+05:30  WARN 4232 --- [deutsche-springboot-demo] [main] [                                                 ] JpaBaseConfiguration$JpaWebConfiguration : spring.jpa.open-in-view is enabled by default. Therefore, database queries may be performed during view rendering. Explicitly configure spring.jpa.open-in-view to disable this warning
2025-07-31T09:09:18.264+05:30  INFO 4232 --- [deutsche-springboot-demo] [main] [                                                 ] r$InitializeUserDetailsManagerConfigurer : Global AuthenticationManager configured with UserDetailsService bean with name userDetailsService
2025-07-31T09:09:20.241+05:30  INFO 4232 --- [deutsche-springboot-demo] [main] [                                                 ] o.s.b.a.e.web.EndpointLinksResolver      : Exposing 14 endpoints beneath base path '/actuator'
2025-07-31T09:09:20.472+05:30  INFO 4232 --- [deutsche-springboot-demo] [main] [                                                 ] c.d.demo.service.EmployeeServiceTest     : Started EmployeeServiceTest in 10.401 seconds (process running for 12.583)
2025-07-31T09:09:21.565+05:30  WARN 4232 --- [deutsche-springboot-demo] [main] [                                                 ] c.deutsche.demo.service.EmployeeService  : Attempting to delete employee with ID: 1
2025-07-31T09:09:22.264+05:30  WARN 4232 --- [deutsche-springboot-demo] [main] [                                                 ] c.deutsche.demo.service.EmployeeService  : Employee with ID 1 not found
2025-07-31T09:09:22.326+05:30 DEBUG 4232 --- [deutsche-springboot-demo] [main] [                                                 ] c.deutsche.demo.service.EmployeeService  : Searching for employees with Salary greater than : 150000.0
2025-07-31T09:09:22.447+05:30  INFO 4232 --- [deutsche-springboot-demo] [main] [                                                 ] c.deutsche.demo.service.EmployeeService  : Retrieving all employees from the database
2025-07-31T09:09:22.477+05:30 DEBUG 4232 --- [deutsche-springboot-demo] [main] [                                                 ] c.deutsche.demo.service.EmployeeService  : Searching for employee with ID: 1
2025-07-31T09:09:22.493+05:30  WARN 4232 --- [deutsche-springboot-demo] [main] [                                                 ] c.deutsche.demo.service.EmployeeService  : Employee with ID 1 not found
2025-07-31T09:09:22.520+05:30  INFO 4232 --- [deutsche-springboot-demo] [main] [                                                 ] c.deutsche.demo.service.EmployeeService  : Adding new employee: Charlie
2025-07-31T09:09:22.548+05:30 DEBUG 4232 --- [deutsche-springboot-demo] [main] [                                                 ] c.deutsche.demo.service.EmployeeService  : Searching for employee with ID: 999
2025-07-31T09:09:22.554+05:30  WARN 4232 --- [deutsche-springboot-demo] [main] [                                                 ] c.deutsche.demo.service.EmployeeService  : Employee with ID 999 not found
2025-07-31T09:09:22.578+05:30 DEBUG 4232 --- [deutsche-springboot-demo] [main] [                                                 ] c.deutsche.demo.service.EmployeeService  : Searching for employees with name containing: Ali
2025-07-31T09:09:22.622+05:30 DEBUG 4232 --- [deutsche-springboot-demo] [main] [                                                 ] c.deutsche.demo.service.EmployeeService  : Searching for employees with name containing: Charlie
2025-07-31T09:09:22.658+05:30 DEBUG 4232 --- [deutsche-springboot-demo] [main] [                                                 ] c.deutsche.demo.service.EmployeeService  : Searching for employees with Salary greater than : 50000.0
2025-07-31T09:09:22.687+05:30  INFO 4232 --- [deutsche-springboot-demo] [main] [                                                 ] c.deutsche.demo.service.EmployeeService  : Adding new employee: Bob
2025-07-31T09:09:22.716+05:30  WARN 4232 --- [deutsche-springboot-demo] [main] [                                                 ] c.deutsche.demo.service.EmployeeService  : Attempting to delete employee with ID: 999
2025-07-31T09:09:22.721+05:30  WARN 4232 --- [deutsche-springboot-demo] [main] [                                                 ] c.deutsche.demo.service.EmployeeService  : Employee with ID 999 not found
2025-07-31T09:09:22.771+05:30  INFO 4232 --- [deutsche-springboot-demo] [SpringApplicationShutdownHook] [                                                 ] j.LocalContainerEntityManagerFactoryBean : Closing JPA EntityManagerFactory for persistence unit 'default'
2025-07-31T09:09:22.776+05:30  INFO 4232 --- [deutsche-springboot-demo] [SpringApplicationShutdownHook] [                                                 ] com.zaxxer.hikari.HikariDataSource       : HikariPool-1 - Shutdown initiated...
2025-07-31T09:09:22.782+05:30  INFO 4232 --- [deutsche-springboot-demo] [SpringApplicationShutdownHook] [                                                 ] com.zaxxer.hikari.HikariDataSource       : HikariPool-1 - Shutdown completed.
2025-07-31T09:13:30.159+05:30  INFO 20080 --- [deutsche-springboot-demo] [main] [                                                 ] c.d.d.controller.EmployeeControllerTest  : Starting EmployeeControllerTest using Java 17.0.1 with PID 20080 (started by abhin in C:\Users\abhin\IdeaProjects\db-training\abhin-db-bootcamp\deutsche-springboot-demo)
2025-07-31T09:13:30.161+05:30 DEBUG 20080 --- [deutsche-springboot-demo] [main] [                                                 ] c.d.d.controller.EmployeeControllerTest  : Running with Spring Boot v3.5.4, Spring v6.2.9
2025-07-31T09:13:30.161+05:30  INFO 20080 --- [deutsche-springboot-demo] [main] [                                                 ] c.d.d.controller.EmployeeControllerTest  : The following 1 profile is active: "test"
2025-07-31T09:13:31.489+05:30  INFO 20080 --- [deutsche-springboot-demo] [main] [                                                 ] .s.d.r.c.RepositoryConfigurationDelegate : Bootstrapping Spring Data JPA repositories in DEFAULT mode.
2025-07-31T09:13:31.562+05:30  INFO 20080 --- [deutsche-springboot-demo] [main] [                                                 ] .s.d.r.c.RepositoryConfigurationDelegate : Finished Spring Data repository scanning in 59 ms. Found 1 JPA repository interface.
2025-07-31T09:13:32.140+05:30  INFO 20080 --- [deutsche-springboot-demo] [main] [                                                 ] o.hibernate.jpa.internal.util.LogHelper  : HHH000204: Processing PersistenceUnitInfo [name: default]
2025-07-31T09:13:32.203+05:30  INFO 20080 --- [deutsche-springboot-demo] [main] [                                                 ] org.hibernate.Version                    : HHH000412: Hibernate ORM core version 6.6.22.Final
2025-07-31T09:13:32.259+05:30  INFO 20080 --- [deutsche-springboot-demo] [main] [                                                 ] o.h.c.internal.RegionFactoryInitiator    : HHH000026: Second-level cache disabled
2025-07-31T09:13:32.603+05:30  INFO 20080 --- [deutsche-springboot-demo] [main] [                                                 ] o.s.o.j.p.SpringPersistenceUnitInfo      : No LoadTimeWeaver setup: ignoring JPA class transformer
2025-07-31T09:13:32.640+05:30  INFO 20080 --- [deutsche-springboot-demo] [main] [                                                 ] com.zaxxer.hikari.HikariDataSource       : HikariPool-1 - Starting...
2025-07-31T09:13:32.836+05:30  INFO 20080 --- [deutsche-springboot-demo] [main] [                                                 ] com.zaxxer.hikari.pool.HikariPool        : HikariPool-1 - Added connection org.postgresql.jdbc.PgConnection@e171f93
2025-07-31T09:13:32.838+05:30  INFO 20080 --- [deutsche-springboot-demo] [main] [                                                 ] com.zaxxer.hikari.HikariDataSource       : HikariPool-1 - Start completed.
2025-07-31T09:13:32.927+05:30  INFO 20080 --- [deutsche-springboot-demo] [main] [                                                 ] org.hibernate.orm.connections.pooling    : HHH10001005: Database info:
	Database JDBC URL [Connecting through datasource 'HikariDataSource (HikariPool-1)']
	Database driver: undefined/unknown
	Database version: 17.5
	Autocommit mode: undefined/unknown
	Isolation level: undefined/unknown
	Minimum pool size: undefined/unknown
	Maximum pool size: undefined/unknown
2025-07-31T09:13:33.929+05:30  INFO 20080 --- [deutsche-springboot-demo] [main] [                                                 ] o.h.e.t.j.p.i.JtaPlatformInitiator       : HHH000489: No JTA platform available (set 'hibernate.transaction.jta.platform' to enable JTA platform integration)
2025-07-31T09:13:33.988+05:30  INFO 20080 --- [deutsche-springboot-demo] [main] [                                                 ] j.LocalContainerEntityManagerFactoryBean : Initialized JPA EntityManagerFactory for persistence unit 'default'
2025-07-31T09:13:34.449+05:30  WARN 20080 --- [deutsche-springboot-demo] [main] [                                                 ] JpaBaseConfiguration$JpaWebConfiguration : spring.jpa.open-in-view is enabled by default. Therefore, database queries may be performed during view rendering. Explicitly configure spring.jpa.open-in-view to disable this warning
2025-07-31T09:13:34.591+05:30  INFO 20080 --- [deutsche-springboot-demo] [main] [                                                 ] r$InitializeUserDetailsManagerConfigurer : Global AuthenticationManager configured with UserDetailsService bean with name userDetailsService
2025-07-31T09:13:35.800+05:30  INFO 20080 --- [deutsche-springboot-demo] [main] [                                                 ] o.s.b.a.e.web.EndpointLinksResolver      : Exposing 14 endpoints beneath base path '/actuator'
2025-07-31T09:13:35.873+05:30  INFO 20080 --- [deutsche-springboot-demo] [main] [                                                 ] o.s.b.t.m.w.SpringBootMockServletContext : Initializing Spring TestDispatcherServlet ''
2025-07-31T09:13:35.874+05:30  INFO 20080 --- [deutsche-springboot-demo] [main] [                                                 ] o.s.t.web.servlet.TestDispatcherServlet  : Initializing Servlet ''
2025-07-31T09:13:35.877+05:30  INFO 20080 --- [deutsche-springboot-demo] [main] [                                                 ] o.s.t.web.servlet.TestDispatcherServlet  : Completed initialization in 3 ms
2025-07-31T09:13:35.959+05:30  INFO 20080 --- [deutsche-springboot-demo] [main] [                                                 ] c.d.d.controller.EmployeeControllerTest  : Started EmployeeControllerTest in 6.234 seconds (process running for 7.566)
2025-07-31T09:13:36.317+05:30  INFO 20080 --- [deutsche-springboot-demo] [main] [                                                 ] c.deutsche.demo.service.EmployeeService  : Adding new employee: Alice
2025-07-31T09:13:36.551+05:30  INFO 20080 --- [deutsche-springboot-demo] [main] [                                                 ] c.deutsche.demo.service.EmployeeService  : Adding new employee: Alice
2025-07-31T09:13:36.573+05:30  INFO 20080 --- [deutsche-springboot-demo] [main] [                                                 ] c.deutsche.demo.service.EmployeeService  : Adding new employee: Alice
2025-07-31T09:13:36.591+05:30  INFO 20080 --- [deutsche-springboot-demo] [main] [                                                 ] c.deutsche.demo.service.EmployeeService  : Adding new employee: Alice
2025-07-31T09:13:36.610+05:30  INFO 20080 --- [deutsche-springboot-demo] [main] [                                                 ] c.deutsche.demo.service.EmployeeService  : Adding new employee: Alice
2025-07-31T09:13:36.626+05:30  INFO 20080 --- [deutsche-springboot-demo] [main] [                                                 ] c.deutsche.demo.service.EmployeeService  : Adding new employee: Alice
2025-07-31T09:13:36.643+05:30  INFO 20080 --- [deutsche-springboot-demo] [main] [                                                 ] c.deutsche.demo.service.EmployeeService  : Adding new employee: Alice
2025-07-31T09:13:36.659+05:30  INFO 20080 --- [deutsche-springboot-demo] [main] [                                                 ] c.deutsche.demo.service.EmployeeService  : Adding new employee: Alice
2025-07-31T09:13:36.692+05:30  INFO 20080 --- [deutsche-springboot-demo] [SpringApplicationShutdownHook] [                                                 ] j.LocalContainerEntityManagerFactoryBean : Closing JPA EntityManagerFactory for persistence unit 'default'
2025-07-31T09:13:36.694+05:30  INFO 20080 --- [deutsche-springboot-demo] [SpringApplicationShutdownHook] [                                                 ] com.zaxxer.hikari.HikariDataSource       : HikariPool-1 - Shutdown initiated...
2025-07-31T09:13:36.699+05:30  INFO 20080 --- [deutsche-springboot-demo] [SpringApplicationShutdownHook] [                                                 ] com.zaxxer.hikari.HikariDataSource       : HikariPool-1 - Shutdown completed.
2025-07-31T09:15:48.185+05:30  INFO 18256 --- [deutsche-springboot-demo] [main] [                                                 ] c.d.d.controller.EmployeeControllerTest  : Starting EmployeeControllerTest using Java 17.0.1 with PID 18256 (started by abhin in C:\Users\abhin\IdeaProjects\db-training\abhin-db-bootcamp\deutsche-springboot-demo)
2025-07-31T09:15:48.188+05:30 DEBUG 18256 --- [deutsche-springboot-demo] [main] [                                                 ] c.d.d.controller.EmployeeControllerTest  : Running with Spring Boot v3.5.4, Spring v6.2.9
2025-07-31T09:15:48.188+05:30  INFO 18256 --- [deutsche-springboot-demo] [main] [                                                 ] c.d.d.controller.EmployeeControllerTest  : The following 1 profile is active: "test"
2025-07-31T09:15:49.609+05:30  INFO 18256 --- [deutsche-springboot-demo] [main] [                                                 ] .s.d.r.c.RepositoryConfigurationDelegate : Bootstrapping Spring Data JPA repositories in DEFAULT mode.
2025-07-31T09:15:49.681+05:30  INFO 18256 --- [deutsche-springboot-demo] [main] [                                                 ] .s.d.r.c.RepositoryConfigurationDelegate : Finished Spring Data repository scanning in 58 ms. Found 1 JPA repository interface.
2025-07-31T09:15:50.255+05:30  INFO 18256 --- [deutsche-springboot-demo] [main] [                                                 ] o.hibernate.jpa.internal.util.LogHelper  : HHH000204: Processing PersistenceUnitInfo [name: default]
2025-07-31T09:15:50.342+05:30  INFO 18256 --- [deutsche-springboot-demo] [main] [                                                 ] org.hibernate.Version                    : HHH000412: Hibernate ORM core version 6.6.22.Final
2025-07-31T09:15:50.392+05:30  INFO 18256 --- [deutsche-springboot-demo] [main] [                                                 ] o.h.c.internal.RegionFactoryInitiator    : HHH000026: Second-level cache disabled
2025-07-31T09:15:50.731+05:30  INFO 18256 --- [deutsche-springboot-demo] [main] [                                                 ] o.s.o.j.p.SpringPersistenceUnitInfo      : No LoadTimeWeaver setup: ignoring JPA class transformer
2025-07-31T09:15:50.768+05:30  INFO 18256 --- [deutsche-springboot-demo] [main] [                                                 ] com.zaxxer.hikari.HikariDataSource       : HikariPool-1 - Starting...
2025-07-31T09:15:50.998+05:30  INFO 18256 --- [deutsche-springboot-demo] [main] [                                                 ] com.zaxxer.hikari.pool.HikariPool        : HikariPool-1 - Added connection org.postgresql.jdbc.PgConnection@6dde1bf5
2025-07-31T09:15:51.000+05:30  INFO 18256 --- [deutsche-springboot-demo] [main] [                                                 ] com.zaxxer.hikari.HikariDataSource       : HikariPool-1 - Start completed.
2025-07-31T09:15:51.075+05:30  INFO 18256 --- [deutsche-springboot-demo] [main] [                                                 ] org.hibernate.orm.connections.pooling    : HHH10001005: Database info:
	Database JDBC URL [Connecting through datasource 'HikariDataSource (HikariPool-1)']
	Database driver: undefined/unknown
	Database version: 17.5
	Autocommit mode: undefined/unknown
	Isolation level: undefined/unknown
	Minimum pool size: undefined/unknown
	Maximum pool size: undefined/unknown
2025-07-31T09:15:52.088+05:30  INFO 18256 --- [deutsche-springboot-demo] [main] [                                                 ] o.h.e.t.j.p.i.JtaPlatformInitiator       : HHH000489: No JTA platform available (set 'hibernate.transaction.jta.platform' to enable JTA platform integration)
2025-07-31T09:15:52.145+05:30  INFO 18256 --- [deutsche-springboot-demo] [main] [                                                 ] j.LocalContainerEntityManagerFactoryBean : Initialized JPA EntityManagerFactory for persistence unit 'default'
2025-07-31T09:15:52.615+05:30  WARN 18256 --- [deutsche-springboot-demo] [main] [                                                 ] JpaBaseConfiguration$JpaWebConfiguration : spring.jpa.open-in-view is enabled by default. Therefore, database queries may be performed during view rendering. Explicitly configure spring.jpa.open-in-view to disable this warning
2025-07-31T09:15:52.760+05:30  INFO 18256 --- [deutsche-springboot-demo] [main] [                                                 ] r$InitializeUserDetailsManagerConfigurer : Global AuthenticationManager configured with UserDetailsService bean with name userDetailsService
2025-07-31T09:15:54.009+05:30  INFO 18256 --- [deutsche-springboot-demo] [main] [                                                 ] o.s.b.a.e.web.EndpointLinksResolver      : Exposing 14 endpoints beneath base path '/actuator'
2025-07-31T09:15:54.084+05:30  INFO 18256 --- [deutsche-springboot-demo] [main] [                                                 ] o.s.b.t.m.w.SpringBootMockServletContext : Initializing Spring TestDispatcherServlet ''
2025-07-31T09:15:54.084+05:30  INFO 18256 --- [deutsche-springboot-demo] [main] [                                                 ] o.s.t.web.servlet.TestDispatcherServlet  : Initializing Servlet ''
2025-07-31T09:15:54.087+05:30  INFO 18256 --- [deutsche-springboot-demo] [main] [                                                 ] o.s.t.web.servlet.TestDispatcherServlet  : Completed initialization in 2 ms
2025-07-31T09:15:54.174+05:30  INFO 18256 --- [deutsche-springboot-demo] [main] [                                                 ] c.d.d.controller.EmployeeControllerTest  : Started EmployeeControllerTest in 6.439 seconds (process running for 7.766)
2025-07-31T09:15:54.598+05:30  INFO 18256 --- [deutsche-springboot-demo] [main] [                                                 ] c.deutsche.demo.service.EmployeeService  : Adding new employee: Alice
2025-07-31T09:15:54.840+05:30  INFO 18256 --- [deutsche-springboot-demo] [main] [                                                 ] c.deutsche.demo.service.EmployeeService  : Adding new employee: Alice
2025-07-31T09:15:54.866+05:30  INFO 18256 --- [deutsche-springboot-demo] [main] [                                                 ] c.deutsche.demo.service.EmployeeService  : Adding new employee: Alice
2025-07-31T09:15:54.888+05:30  INFO 18256 --- [deutsche-springboot-demo] [main] [                                                 ] c.deutsche.demo.service.EmployeeService  : Adding new employee: Alice
2025-07-31T09:15:54.908+05:30  INFO 18256 --- [deutsche-springboot-demo] [main] [                                                 ] c.deutsche.demo.service.EmployeeService  : Adding new employee: Alice
2025-07-31T09:15:54.927+05:30  INFO 18256 --- [deutsche-springboot-demo] [main] [                                                 ] c.deutsche.demo.service.EmployeeService  : Adding new employee: Alice
2025-07-31T09:15:54.946+05:30  INFO 18256 --- [deutsche-springboot-demo] [main] [                                                 ] c.deutsche.demo.service.EmployeeService  : Adding new employee: Alice
2025-07-31T09:15:54.965+05:30  INFO 18256 --- [deutsche-springboot-demo] [main] [                                                 ] c.deutsche.demo.service.EmployeeService  : Adding new employee: Alice
2025-07-31T09:15:54.993+05:30  INFO 18256 --- [deutsche-springboot-demo] [SpringApplicationShutdownHook] [                                                 ] j.LocalContainerEntityManagerFactoryBean : Closing JPA EntityManagerFactory for persistence unit 'default'
2025-07-31T09:15:54.995+05:30  INFO 18256 --- [deutsche-springboot-demo] [SpringApplicationShutdownHook] [                                                 ] com.zaxxer.hikari.HikariDataSource       : HikariPool-1 - Shutdown initiated...
2025-07-31T09:15:55.000+05:30  INFO 18256 --- [deutsche-springboot-demo] [SpringApplicationShutdownHook] [                                                 ] com.zaxxer.hikari.HikariDataSource       : HikariPool-1 - Shutdown completed.
2025-07-31T09:16:01.301+05:30  INFO 20356 --- [deutsche-springboot-demo] [main] [                                                 ] c.d.demo.service.EmployeeServiceTest     : Starting EmployeeServiceTest using Java 17.0.1 with PID 20356 (started by abhin in C:\Users\abhin\IdeaProjects\db-training\abhin-db-bootcamp\deutsche-springboot-demo)
2025-07-31T09:16:01.305+05:30 DEBUG 20356 --- [deutsche-springboot-demo] [main] [                                                 ] c.d.demo.service.EmployeeServiceTest     : Running with Spring Boot v3.5.4, Spring v6.2.9
2025-07-31T09:16:01.306+05:30  INFO 20356 --- [deutsche-springboot-demo] [main] [                                                 ] c.d.demo.service.EmployeeServiceTest     : The following 1 profile is active: "test"
2025-07-31T09:16:02.731+05:30  INFO 20356 --- [deutsche-springboot-demo] [main] [                                                 ] .s.d.r.c.RepositoryConfigurationDelegate : Bootstrapping Spring Data JPA repositories in DEFAULT mode.
2025-07-31T09:16:02.794+05:30  INFO 20356 --- [deutsche-springboot-demo] [main] [                                                 ] .s.d.r.c.RepositoryConfigurationDelegate : Finished Spring Data repository scanning in 52 ms. Found 1 JPA repository interface.
2025-07-31T09:16:03.347+05:30  INFO 20356 --- [deutsche-springboot-demo] [main] [                                                 ] o.hibernate.jpa.internal.util.LogHelper  : HHH000204: Processing PersistenceUnitInfo [name: default]
2025-07-31T09:16:03.410+05:30  INFO 20356 --- [deutsche-springboot-demo] [main] [                                                 ] org.hibernate.Version                    : HHH000412: Hibernate ORM core version 6.6.22.Final
2025-07-31T09:16:03.462+05:30  INFO 20356 --- [deutsche-springboot-demo] [main] [                                                 ] o.h.c.internal.RegionFactoryInitiator    : HHH000026: Second-level cache disabled
2025-07-31T09:16:03.807+05:30  INFO 20356 --- [deutsche-springboot-demo] [main] [                                                 ] o.s.o.j.p.SpringPersistenceUnitInfo      : No LoadTimeWeaver setup: ignoring JPA class transformer
2025-07-31T09:16:03.847+05:30  INFO 20356 --- [deutsche-springboot-demo] [main] [                                                 ] com.zaxxer.hikari.HikariDataSource       : HikariPool-1 - Starting...
2025-07-31T09:16:04.085+05:30  INFO 20356 --- [deutsche-springboot-demo] [main] [                                                 ] com.zaxxer.hikari.pool.HikariPool        : HikariPool-1 - Added connection org.postgresql.jdbc.PgConnection@6edd4fe2
2025-07-31T09:16:04.087+05:30  INFO 20356 --- [deutsche-springboot-demo] [main] [                                                 ] com.zaxxer.hikari.HikariDataSource       : HikariPool-1 - Start completed.
2025-07-31T09:16:04.167+05:30  INFO 20356 --- [deutsche-springboot-demo] [main] [                                                 ] org.hibernate.orm.connections.pooling    : HHH10001005: Database info:
	Database JDBC URL [Connecting through datasource 'HikariDataSource (HikariPool-1)']
	Database driver: undefined/unknown
	Database version: 17.5
	Autocommit mode: undefined/unknown
	Isolation level: undefined/unknown
	Minimum pool size: undefined/unknown
	Maximum pool size: undefined/unknown
2025-07-31T09:16:05.185+05:30  INFO 20356 --- [deutsche-springboot-demo] [main] [                                                 ] o.h.e.t.j.p.i.JtaPlatformInitiator       : HHH000489: No JTA platform available (set 'hibernate.transaction.jta.platform' to enable JTA platform integration)
2025-07-31T09:16:05.236+05:30  INFO 20356 --- [deutsche-springboot-demo] [main] [                                                 ] j.LocalContainerEntityManagerFactoryBean : Initialized JPA EntityManagerFactory for persistence unit 'default'
2025-07-31T09:16:05.719+05:30  WARN 20356 --- [deutsche-springboot-demo] [main] [                                                 ] JpaBaseConfiguration$JpaWebConfiguration : spring.jpa.open-in-view is enabled by default. Therefore, database queries may be performed during view rendering. Explicitly configure spring.jpa.open-in-view to disable this warning
2025-07-31T09:16:05.885+05:30  INFO 20356 --- [deutsche-springboot-demo] [main] [                                                 ] r$InitializeUserDetailsManagerConfigurer : Global AuthenticationManager configured with UserDetailsService bean with name userDetailsService
2025-07-31T09:16:07.133+05:30  INFO 20356 --- [deutsche-springboot-demo] [main] [                                                 ] o.s.b.a.e.web.EndpointLinksResolver      : Exposing 14 endpoints beneath base path '/actuator'
2025-07-31T09:16:07.263+05:30  INFO 20356 --- [deutsche-springboot-demo] [main] [                                                 ] c.d.demo.service.EmployeeServiceTest     : Started EmployeeServiceTest in 6.415 seconds (process running for 7.791)
2025-07-31T09:16:07.916+05:30  WARN 20356 --- [deutsche-springboot-demo] [main] [                                                 ] c.deutsche.demo.service.EmployeeService  : Attempting to delete employee with ID: 1
2025-07-31T09:16:08.318+05:30  WARN 20356 --- [deutsche-springboot-demo] [main] [                                                 ] c.deutsche.demo.service.EmployeeService  : Employee with ID 1 not found
2025-07-31T09:16:08.370+05:30 DEBUG 20356 --- [deutsche-springboot-demo] [main] [                                                 ] c.deutsche.demo.service.EmployeeService  : Searching for employees with Salary greater than : 150000.0
2025-07-31T09:16:08.438+05:30  INFO 20356 --- [deutsche-springboot-demo] [main] [                                                 ] c.deutsche.demo.service.EmployeeService  : Retrieving all employees from the database
2025-07-31T09:16:08.456+05:30 DEBUG 20356 --- [deutsche-springboot-demo] [main] [                                                 ] c.deutsche.demo.service.EmployeeService  : Searching for employee with ID: 1
2025-07-31T09:16:08.467+05:30  WARN 20356 --- [deutsche-springboot-demo] [main] [                                                 ] c.deutsche.demo.service.EmployeeService  : Employee with ID 1 not found
2025-07-31T09:16:08.484+05:30  INFO 20356 --- [deutsche-springboot-demo] [main] [                                                 ] c.deutsche.demo.service.EmployeeService  : Adding new employee: Charlie
2025-07-31T09:16:08.501+05:30 DEBUG 20356 --- [deutsche-springboot-demo] [main] [                                                 ] c.deutsche.demo.service.EmployeeService  : Searching for employee with ID: 999
2025-07-31T09:16:08.502+05:30  WARN 20356 --- [deutsche-springboot-demo] [main] [                                                 ] c.deutsche.demo.service.EmployeeService  : Employee with ID 999 not found
2025-07-31T09:16:08.519+05:30 DEBUG 20356 --- [deutsche-springboot-demo] [main] [                                                 ] c.deutsche.demo.service.EmployeeService  : Searching for employees with name containing: Ali
2025-07-31T09:16:08.539+05:30 DEBUG 20356 --- [deutsche-springboot-demo] [main] [                                                 ] c.deutsche.demo.service.EmployeeService  : Searching for employees with name containing: Charlie
2025-07-31T09:16:08.557+05:30 DEBUG 20356 --- [deutsche-springboot-demo] [main] [                                                 ] c.deutsche.demo.service.EmployeeService  : Searching for employees with Salary greater than : 50000.0
2025-07-31T09:16:08.575+05:30  INFO 20356 --- [deutsche-springboot-demo] [main] [                                                 ] c.deutsche.demo.service.EmployeeService  : Adding new employee: Bob
2025-07-31T09:16:08.591+05:30  WARN 20356 --- [deutsche-springboot-demo] [main] [                                                 ] c.deutsche.demo.service.EmployeeService  : Attempting to delete employee with ID: 999
2025-07-31T09:16:08.595+05:30  WARN 20356 --- [deutsche-springboot-demo] [main] [                                                 ] c.deutsche.demo.service.EmployeeService  : Employee with ID 999 not found
2025-07-31T09:16:08.614+05:30  INFO 20356 --- [deutsche-springboot-demo] [SpringApplicationShutdownHook] [                                                 ] j.LocalContainerEntityManagerFactoryBean : Closing JPA EntityManagerFactory for persistence unit 'default'
2025-07-31T09:16:08.616+05:30  INFO 20356 --- [deutsche-springboot-demo] [SpringApplicationShutdownHook] [                                                 ] com.zaxxer.hikari.HikariDataSource       : HikariPool-1 - Shutdown initiated...
2025-07-31T09:16:08.619+05:30  INFO 20356 --- [deutsche-springboot-demo] [SpringApplicationShutdownHook] [                                                 ] com.zaxxer.hikari.HikariDataSource       : HikariPool-1 - Shutdown completed.
2025-07-31T09:21:43.263+05:30  INFO 17436 --- [deutsche-springboot-demo] [main] [                                                 ] c.d.demo.service.EmployeeServiceTest     : Starting EmployeeServiceTest using Java 17.0.1 with PID 17436 (started by abhin in C:\Users\abhin\IdeaProjects\db-training\abhin-db-bootcamp\deutsche-springboot-demo)
2025-07-31T09:21:43.266+05:30 DEBUG 17436 --- [deutsche-springboot-demo] [main] [                                                 ] c.d.demo.service.EmployeeServiceTest     : Running with Spring Boot v3.5.4, Spring v6.2.9
2025-07-31T09:21:43.266+05:30  INFO 17436 --- [deutsche-springboot-demo] [main] [                                                 ] c.d.demo.service.EmployeeServiceTest     : The following 1 profile is active: "test"
2025-07-31T09:21:45.208+05:30  INFO 17436 --- [deutsche-springboot-demo] [main] [                                                 ] .s.d.r.c.RepositoryConfigurationDelegate : Bootstrapping Spring Data JPA repositories in DEFAULT mode.
2025-07-31T09:21:45.284+05:30  INFO 17436 --- [deutsche-springboot-demo] [main] [                                                 ] .s.d.r.c.RepositoryConfigurationDelegate : Finished Spring Data repository scanning in 59 ms. Found 1 JPA repository interface.
2025-07-31T09:21:46.019+05:30  INFO 17436 --- [deutsche-springboot-demo] [main] [                                                 ] o.hibernate.jpa.internal.util.LogHelper  : HHH000204: Processing PersistenceUnitInfo [name: default]
2025-07-31T09:21:46.093+05:30  INFO 17436 --- [deutsche-springboot-demo] [main] [                                                 ] org.hibernate.Version                    : HHH000412: Hibernate ORM core version 6.6.22.Final
2025-07-31T09:21:46.153+05:30  INFO 17436 --- [deutsche-springboot-demo] [main] [                                                 ] o.h.c.internal.RegionFactoryInitiator    : HHH000026: Second-level cache disabled
2025-07-31T09:21:46.710+05:30  INFO 17436 --- [deutsche-springboot-demo] [main] [                                                 ] o.s.o.j.p.SpringPersistenceUnitInfo      : No LoadTimeWeaver setup: ignoring JPA class transformer
2025-07-31T09:21:46.763+05:30  INFO 17436 --- [deutsche-springboot-demo] [main] [                                                 ] com.zaxxer.hikari.HikariDataSource       : HikariPool-1 - Starting...
2025-07-31T09:21:47.041+05:30  INFO 17436 --- [deutsche-springboot-demo] [main] [                                                 ] com.zaxxer.hikari.pool.HikariPool        : HikariPool-1 - Added connection org.postgresql.jdbc.PgConnection@612ac38b
2025-07-31T09:21:47.043+05:30  INFO 17436 --- [deutsche-springboot-demo] [main] [                                                 ] com.zaxxer.hikari.HikariDataSource       : HikariPool-1 - Start completed.
2025-07-31T09:21:47.153+05:30  INFO 17436 --- [deutsche-springboot-demo] [main] [                                                 ] org.hibernate.orm.connections.pooling    : HHH10001005: Database info:
	Database JDBC URL [Connecting through datasource 'HikariDataSource (HikariPool-1)']
	Database driver: undefined/unknown
	Database version: 17.5
	Autocommit mode: undefined/unknown
	Isolation level: undefined/unknown
	Minimum pool size: undefined/unknown
	Maximum pool size: undefined/unknown
2025-07-31T09:21:48.396+05:30  INFO 17436 --- [deutsche-springboot-demo] [main] [                                                 ] o.h.e.t.j.p.i.JtaPlatformInitiator       : HHH000489: No JTA platform available (set 'hibernate.transaction.jta.platform' to enable JTA platform integration)
2025-07-31T09:21:48.463+05:30  INFO 17436 --- [deutsche-springboot-demo] [main] [                                                 ] j.LocalContainerEntityManagerFactoryBean : Initialized JPA EntityManagerFactory for persistence unit 'default'
2025-07-31T09:21:49.019+05:30  WARN 17436 --- [deutsche-springboot-demo] [main] [                                                 ] JpaBaseConfiguration$JpaWebConfiguration : spring.jpa.open-in-view is enabled by default. Therefore, database queries may be performed during view rendering. Explicitly configure spring.jpa.open-in-view to disable this warning
2025-07-31T09:21:49.180+05:30  INFO 17436 --- [deutsche-springboot-demo] [main] [                                                 ] r$InitializeUserDetailsManagerConfigurer : Global AuthenticationManager configured with UserDetailsService bean with name userDetailsService
2025-07-31T09:21:51.088+05:30  INFO 17436 --- [deutsche-springboot-demo] [main] [                                                 ] o.s.b.a.e.web.EndpointLinksResolver      : Exposing 14 endpoints beneath base path '/actuator'
2025-07-31T09:21:51.263+05:30  INFO 17436 --- [deutsche-springboot-demo] [main] [                                                 ] c.d.demo.service.EmployeeServiceTest     : Started EmployeeServiceTest in 8.48 seconds (process running for 9.978)
2025-07-31T09:21:52.081+05:30  WARN 17436 --- [deutsche-springboot-demo] [main] [                                                 ] c.deutsche.demo.service.EmployeeService  : Attempting to delete employee with ID: 1
2025-07-31T09:21:52.581+05:30  WARN 17436 --- [deutsche-springboot-demo] [main] [                                                 ] c.deutsche.demo.service.EmployeeService  : Employee with ID 1 not found
2025-07-31T09:21:52.639+05:30 DEBUG 17436 --- [deutsche-springboot-demo] [main] [                                                 ] c.deutsche.demo.service.EmployeeService  : Searching for employees with Salary greater than : 150000.0
2025-07-31T09:21:52.721+05:30  INFO 17436 --- [deutsche-springboot-demo] [main] [                                                 ] c.deutsche.demo.service.EmployeeService  : Retrieving all employees from the database
2025-07-31T09:21:52.747+05:30 DEBUG 17436 --- [deutsche-springboot-demo] [main] [                                                 ] c.deutsche.demo.service.EmployeeService  : Searching for employee with ID: 1
2025-07-31T09:21:52.761+05:30  WARN 17436 --- [deutsche-springboot-demo] [main] [                                                 ] c.deutsche.demo.service.EmployeeService  : Employee with ID 1 not found
2025-07-31T09:21:52.784+05:30  INFO 17436 --- [deutsche-springboot-demo] [main] [                                                 ] c.deutsche.demo.service.EmployeeService  : Adding new employee: Charlie
2025-07-31T09:21:52.805+05:30 DEBUG 17436 --- [deutsche-springboot-demo] [main] [                                                 ] c.deutsche.demo.service.EmployeeService  : Searching for employee with ID: 999
2025-07-31T09:21:52.808+05:30  WARN 17436 --- [deutsche-springboot-demo] [main] [                                                 ] c.deutsche.demo.service.EmployeeService  : Employee with ID 999 not found
2025-07-31T09:21:52.827+05:30 DEBUG 17436 --- [deutsche-springboot-demo] [main] [                                                 ] c.deutsche.demo.service.EmployeeService  : Searching for employees with name containing: Ali
2025-07-31T09:21:52.849+05:30 DEBUG 17436 --- [deutsche-springboot-demo] [main] [                                                 ] c.deutsche.demo.service.EmployeeService  : Searching for employees with name containing: Charlie
2025-07-31T09:21:52.878+05:30 DEBUG 17436 --- [deutsche-springboot-demo] [main] [                                                 ] c.deutsche.demo.service.EmployeeService  : Searching for employees with Salary greater than : 50000.0
2025-07-31T09:21:52.906+05:30  INFO 17436 --- [deutsche-springboot-demo] [main] [                                                 ] c.deutsche.demo.service.EmployeeService  : Adding new employee: Bob
2025-07-31T09:21:52.935+05:30  WARN 17436 --- [deutsche-springboot-demo] [main] [                                                 ] c.deutsche.demo.service.EmployeeService  : Attempting to delete employee with ID: 999
2025-07-31T09:21:52.939+05:30  WARN 17436 --- [deutsche-springboot-demo] [main] [                                                 ] c.deutsche.demo.service.EmployeeService  : Employee with ID 999 not found
2025-07-31T09:21:52.966+05:30  INFO 17436 --- [deutsche-springboot-demo] [SpringApplicationShutdownHook] [                                                 ] j.LocalContainerEntityManagerFactoryBean : Closing JPA EntityManagerFactory for persistence unit 'default'
2025-07-31T09:21:52.970+05:30  INFO 17436 --- [deutsche-springboot-demo] [SpringApplicationShutdownHook] [                                                 ] com.zaxxer.hikari.HikariDataSource       : HikariPool-1 - Shutdown initiated...
2025-07-31T09:21:52.976+05:30  INFO 17436 --- [deutsche-springboot-demo] [SpringApplicationShutdownHook] [                                                 ] com.zaxxer.hikari.HikariDataSource       : HikariPool-1 - Shutdown completed.
2025-07-31T09:26:20.359+05:30  INFO 17496 --- [deutsche-springboot-demo] [main] [                                                 ] c.d.demo.service.EmployeeServiceTest     : Starting EmployeeServiceTest using Java 17.0.1 with PID 17496 (started by abhin in C:\Users\abhin\IdeaProjects\db-training\abhin-db-bootcamp\deutsche-springboot-demo)
2025-07-31T09:26:20.362+05:30 DEBUG 17496 --- [deutsche-springboot-demo] [main] [                                                 ] c.d.demo.service.EmployeeServiceTest     : Running with Spring Boot v3.5.4, Spring v6.2.9
2025-07-31T09:26:20.364+05:30  INFO 17496 --- [deutsche-springboot-demo] [main] [                                                 ] c.d.demo.service.EmployeeServiceTest     : The following 1 profile is active: "test"
2025-07-31T09:26:21.757+05:30  INFO 17496 --- [deutsche-springboot-demo] [main] [                                                 ] .s.d.r.c.RepositoryConfigurationDelegate : Bootstrapping Spring Data JPA repositories in DEFAULT mode.
2025-07-31T09:26:21.816+05:30  INFO 17496 --- [deutsche-springboot-demo] [main] [                                                 ] .s.d.r.c.RepositoryConfigurationDelegate : Finished Spring Data repository scanning in 46 ms. Found 1 JPA repository interface.
2025-07-31T09:26:22.398+05:30  INFO 17496 --- [deutsche-springboot-demo] [main] [                                                 ] o.hibernate.jpa.internal.util.LogHelper  : HHH000204: Processing PersistenceUnitInfo [name: default]
2025-07-31T09:26:22.464+05:30  INFO 17496 --- [deutsche-springboot-demo] [main] [                                                 ] org.hibernate.Version                    : HHH000412: Hibernate ORM core version 6.6.22.Final
2025-07-31T09:26:22.510+05:30  INFO 17496 --- [deutsche-springboot-demo] [main] [                                                 ] o.h.c.internal.RegionFactoryInitiator    : HHH000026: Second-level cache disabled
2025-07-31T09:26:22.855+05:30  INFO 17496 --- [deutsche-springboot-demo] [main] [                                                 ] o.s.o.j.p.SpringPersistenceUnitInfo      : No LoadTimeWeaver setup: ignoring JPA class transformer
2025-07-31T09:26:22.893+05:30  INFO 17496 --- [deutsche-springboot-demo] [main] [                                                 ] com.zaxxer.hikari.HikariDataSource       : HikariPool-1 - Starting...
2025-07-31T09:26:23.216+05:30  INFO 17496 --- [deutsche-springboot-demo] [main] [                                                 ] com.zaxxer.hikari.pool.HikariPool        : HikariPool-1 - Added connection org.postgresql.jdbc.PgConnection@1c05097c
2025-07-31T09:26:23.219+05:30  INFO 17496 --- [deutsche-springboot-demo] [main] [                                                 ] com.zaxxer.hikari.HikariDataSource       : HikariPool-1 - Start completed.
2025-07-31T09:26:23.299+05:30  INFO 17496 --- [deutsche-springboot-demo] [main] [                                                 ] org.hibernate.orm.connections.pooling    : HHH10001005: Database info:
	Database JDBC URL [Connecting through datasource 'HikariDataSource (HikariPool-1)']
	Database driver: undefined/unknown
	Database version: 17.5
	Autocommit mode: undefined/unknown
	Isolation level: undefined/unknown
	Minimum pool size: undefined/unknown
	Maximum pool size: undefined/unknown
2025-07-31T09:26:24.317+05:30  INFO 17496 --- [deutsche-springboot-demo] [main] [                                                 ] o.h.e.t.j.p.i.JtaPlatformInitiator       : HHH000489: No JTA platform available (set 'hibernate.transaction.jta.platform' to enable JTA platform integration)
2025-07-31T09:26:24.368+05:30  INFO 17496 --- [deutsche-springboot-demo] [main] [                                                 ] j.LocalContainerEntityManagerFactoryBean : Initialized JPA EntityManagerFactory for persistence unit 'default'
2025-07-31T09:26:24.844+05:30  WARN 17496 --- [deutsche-springboot-demo] [main] [                                                 ] JpaBaseConfiguration$JpaWebConfiguration : spring.jpa.open-in-view is enabled by default. Therefore, database queries may be performed during view rendering. Explicitly configure spring.jpa.open-in-view to disable this warning
2025-07-31T09:26:24.983+05:30  INFO 17496 --- [deutsche-springboot-demo] [main] [                                                 ] r$InitializeUserDetailsManagerConfigurer : Global AuthenticationManager configured with UserDetailsService bean with name userDetailsService
2025-07-31T09:26:26.240+05:30  INFO 17496 --- [deutsche-springboot-demo] [main] [                                                 ] o.s.b.a.e.web.EndpointLinksResolver      : Exposing 14 endpoints beneath base path '/actuator'
2025-07-31T09:26:26.377+05:30  INFO 17496 --- [deutsche-springboot-demo] [main] [                                                 ] c.d.demo.service.EmployeeServiceTest     : Started EmployeeServiceTest in 6.445 seconds (process running for 7.765)
2025-07-31T09:26:27.067+05:30  WARN 17496 --- [deutsche-springboot-demo] [main] [                                                 ] c.deutsche.demo.service.EmployeeService  : Attempting to delete employee with ID: 1
2025-07-31T09:26:27.439+05:30  WARN 17496 --- [deutsche-springboot-demo] [main] [                                                 ] c.deutsche.demo.service.EmployeeService  : Employee with ID 1 not found
2025-07-31T09:26:27.482+05:30 DEBUG 17496 --- [deutsche-springboot-demo] [main] [                                                 ] c.deutsche.demo.service.EmployeeService  : Searching for employees with Salary greater than : 150000.0
2025-07-31T09:26:27.548+05:30  INFO 17496 --- [deutsche-springboot-demo] [main] [                                                 ] c.deutsche.demo.service.EmployeeService  : Retrieving all employees from the database
2025-07-31T09:26:27.570+05:30 DEBUG 17496 --- [deutsche-springboot-demo] [main] [                                                 ] c.deutsche.demo.service.EmployeeService  : Searching for employee with ID: 1
2025-07-31T09:26:27.579+05:30  WARN 17496 --- [deutsche-springboot-demo] [main] [                                                 ] c.deutsche.demo.service.EmployeeService  : Employee with ID 1 not found
2025-07-31T09:26:27.600+05:30  INFO 17496 --- [deutsche-springboot-demo] [main] [                                                 ] c.deutsche.demo.service.EmployeeService  : Adding new employee: Charlie
2025-07-31T09:26:27.617+05:30 DEBUG 17496 --- [deutsche-springboot-demo] [main] [                                                 ] c.deutsche.demo.service.EmployeeService  : Searching for employee with ID: 999
2025-07-31T09:26:27.619+05:30  WARN 17496 --- [deutsche-springboot-demo] [main] [                                                 ] c.deutsche.demo.service.EmployeeService  : Employee with ID 999 not found
2025-07-31T09:26:27.634+05:30 DEBUG 17496 --- [deutsche-springboot-demo] [main] [                                                 ] c.deutsche.demo.service.EmployeeService  : Searching for employees with name containing: Ali
2025-07-31T09:26:27.655+05:30 DEBUG 17496 --- [deutsche-springboot-demo] [main] [                                                 ] c.deutsche.demo.service.EmployeeService  : Searching for employees with name containing: Charlie
2025-07-31T09:26:27.673+05:30 DEBUG 17496 --- [deutsche-springboot-demo] [main] [                                                 ] c.deutsche.demo.service.EmployeeService  : Searching for employees with Salary greater than : 50000.0
2025-07-31T09:26:27.691+05:30  INFO 17496 --- [deutsche-springboot-demo] [main] [                                                 ] c.deutsche.demo.service.EmployeeService  : Adding new employee: Bob
2025-07-31T09:26:27.713+05:30  WARN 17496 --- [deutsche-springboot-demo] [main] [                                                 ] c.deutsche.demo.service.EmployeeService  : Attempting to delete employee with ID: 999
2025-07-31T09:26:27.718+05:30  WARN 17496 --- [deutsche-springboot-demo] [main] [                                                 ] c.deutsche.demo.service.EmployeeService  : Employee with ID 999 not found
2025-07-31T09:26:27.736+05:30  INFO 17496 --- [deutsche-springboot-demo] [SpringApplicationShutdownHook] [                                                 ] j.LocalContainerEntityManagerFactoryBean : Closing JPA EntityManagerFactory for persistence unit 'default'
2025-07-31T09:26:27.739+05:30  INFO 17496 --- [deutsche-springboot-demo] [SpringApplicationShutdownHook] [                                                 ] com.zaxxer.hikari.HikariDataSource       : HikariPool-1 - Shutdown initiated...
2025-07-31T09:26:27.743+05:30  INFO 17496 --- [deutsche-springboot-demo] [SpringApplicationShutdownHook] [                                                 ] com.zaxxer.hikari.HikariDataSource       : HikariPool-1 - Shutdown completed.
2025-07-31T09:55:07.291+05:30  INFO 17856 --- [deutsche-springboot-demo] [main] [                                                 ] c.d.demo.service.EmployeeServiceTest     : Starting EmployeeServiceTest using Java 17.0.1 with PID 17856 (started by abhin in C:\Users\abhin\IdeaProjects\db-training\abhin-db-bootcamp\deutsche-springboot-demo)
2025-07-31T09:55:07.294+05:30 DEBUG 17856 --- [deutsche-springboot-demo] [main] [                                                 ] c.d.demo.service.EmployeeServiceTest     : Running with Spring Boot v3.5.4, Spring v6.2.9
2025-07-31T09:55:07.295+05:30  INFO 17856 --- [deutsche-springboot-demo] [main] [                                                 ] c.d.demo.service.EmployeeServiceTest     : The following 1 profile is active: "test"
2025-07-31T09:55:09.034+05:30  INFO 17856 --- [deutsche-springboot-demo] [main] [                                                 ] .s.d.r.c.RepositoryConfigurationDelegate : Bootstrapping Spring Data JPA repositories in DEFAULT mode.
2025-07-31T09:55:09.116+05:30  INFO 17856 --- [deutsche-springboot-demo] [main] [                                                 ] .s.d.r.c.RepositoryConfigurationDelegate : Finished Spring Data repository scanning in 69 ms. Found 1 JPA repository interface.
2025-07-31T09:55:10.007+05:30  INFO 17856 --- [deutsche-springboot-demo] [main] [                                                 ] o.hibernate.jpa.internal.util.LogHelper  : HHH000204: Processing PersistenceUnitInfo [name: default]
2025-07-31T09:55:10.093+05:30  INFO 17856 --- [deutsche-springboot-demo] [main] [                                                 ] org.hibernate.Version                    : HHH000412: Hibernate ORM core version 6.6.22.Final
2025-07-31T09:55:10.147+05:30  INFO 17856 --- [deutsche-springboot-demo] [main] [                                                 ] o.h.c.internal.RegionFactoryInitiator    : HHH000026: Second-level cache disabled
2025-07-31T09:55:10.591+05:30  INFO 17856 --- [deutsche-springboot-demo] [main] [                                                 ] o.s.o.j.p.SpringPersistenceUnitInfo      : No LoadTimeWeaver setup: ignoring JPA class transformer
2025-07-31T09:55:10.663+05:30  INFO 17856 --- [deutsche-springboot-demo] [main] [                                                 ] com.zaxxer.hikari.HikariDataSource       : HikariPool-1 - Starting...
2025-07-31T09:55:11.001+05:30  INFO 17856 --- [deutsche-springboot-demo] [main] [                                                 ] com.zaxxer.hikari.pool.HikariPool        : HikariPool-1 - Added connection org.postgresql.jdbc.PgConnection@67593f7b
2025-07-31T09:55:11.002+05:30  INFO 17856 --- [deutsche-springboot-demo] [main] [                                                 ] com.zaxxer.hikari.HikariDataSource       : HikariPool-1 - Start completed.
2025-07-31T09:55:11.100+05:30  INFO 17856 --- [deutsche-springboot-demo] [main] [                                                 ] org.hibernate.orm.connections.pooling    : HHH10001005: Database info:
	Database JDBC URL [Connecting through datasource 'HikariDataSource (HikariPool-1)']
	Database driver: undefined/unknown
	Database version: 17.5
	Autocommit mode: undefined/unknown
	Isolation level: undefined/unknown
	Minimum pool size: undefined/unknown
	Maximum pool size: undefined/unknown
2025-07-31T09:55:12.308+05:30  INFO 17856 --- [deutsche-springboot-demo] [main] [                                                 ] o.h.e.t.j.p.i.JtaPlatformInitiator       : HHH000489: No JTA platform available (set 'hibernate.transaction.jta.platform' to enable JTA platform integration)
2025-07-31T09:55:12.368+05:30  INFO 17856 --- [deutsche-springboot-demo] [main] [                                                 ] j.LocalContainerEntityManagerFactoryBean : Initialized JPA EntityManagerFactory for persistence unit 'default'
2025-07-31T09:55:12.932+05:30  WARN 17856 --- [deutsche-springboot-demo] [main] [                                                 ] JpaBaseConfiguration$JpaWebConfiguration : spring.jpa.open-in-view is enabled by default. Therefore, database queries may be performed during view rendering. Explicitly configure spring.jpa.open-in-view to disable this warning
2025-07-31T09:55:13.100+05:30  INFO 17856 --- [deutsche-springboot-demo] [main] [                                                 ] r$InitializeUserDetailsManagerConfigurer : Global AuthenticationManager configured with UserDetailsService bean with name userDetailsService
2025-07-31T09:55:14.775+05:30  INFO 17856 --- [deutsche-springboot-demo] [main] [                                                 ] o.s.b.a.e.web.EndpointLinksResolver      : Exposing 14 endpoints beneath base path '/actuator'
2025-07-31T09:55:14.970+05:30  INFO 17856 --- [deutsche-springboot-demo] [main] [                                                 ] c.d.demo.service.EmployeeServiceTest     : Started EmployeeServiceTest in 8.184 seconds (process running for 9.771)
2025-07-31T09:55:15.850+05:30  WARN 17856 --- [deutsche-springboot-demo] [main] [                                                 ] c.deutsche.demo.service.EmployeeService  : Attempting to delete employee with ID: 1
2025-07-31T09:55:16.402+05:30  WARN 17856 --- [deutsche-springboot-demo] [main] [                                                 ] c.deutsche.demo.service.EmployeeService  : Employee with ID 1 not found
2025-07-31T09:55:16.455+05:30 DEBUG 17856 --- [deutsche-springboot-demo] [main] [                                                 ] c.deutsche.demo.service.EmployeeService  : Searching for employees with Salary greater than : 150000.0
2025-07-31T09:55:16.538+05:30  INFO 17856 --- [deutsche-springboot-demo] [main] [                                                 ] c.deutsche.demo.service.EmployeeService  : Retrieving all employees from the database
2025-07-31T09:55:16.566+05:30 DEBUG 17856 --- [deutsche-springboot-demo] [main] [                                                 ] c.deutsche.demo.service.EmployeeService  : Searching for employee with ID: 1
2025-07-31T09:55:16.578+05:30  WARN 17856 --- [deutsche-springboot-demo] [main] [                                                 ] c.deutsche.demo.service.EmployeeService  : Employee with ID 1 not found
2025-07-31T09:55:16.599+05:30  INFO 17856 --- [deutsche-springboot-demo] [main] [                                                 ] c.deutsche.demo.service.EmployeeService  : Adding new employee: Charlie
2025-07-31T09:55:16.621+05:30 DEBUG 17856 --- [deutsche-springboot-demo] [main] [                                                 ] c.deutsche.demo.service.EmployeeService  : Searching for employee with ID: 999
2025-07-31T09:55:16.624+05:30  WARN 17856 --- [deutsche-springboot-demo] [main] [                                                 ] c.deutsche.demo.service.EmployeeService  : Employee with ID 999 not found
2025-07-31T09:55:16.642+05:30 DEBUG 17856 --- [deutsche-springboot-demo] [main] [                                                 ] c.deutsche.demo.service.EmployeeService  : Searching for employees with name containing: Alice
2025-07-31T09:55:16.670+05:30 DEBUG 17856 --- [deutsche-springboot-demo] [main] [                                                 ] c.deutsche.demo.service.EmployeeService  : Searching for employees with name containing: Charlie
2025-07-31T09:55:16.692+05:30 DEBUG 17856 --- [deutsche-springboot-demo] [main] [                                                 ] c.deutsche.demo.service.EmployeeService  : Searching for employees with Salary greater than : 50000.0
2025-07-31T09:55:16.716+05:30  INFO 17856 --- [deutsche-springboot-demo] [main] [                                                 ] c.deutsche.demo.service.EmployeeService  : Adding new employee: Bob
2025-07-31T09:55:16.743+05:30  WARN 17856 --- [deutsche-springboot-demo] [main] [                                                 ] c.deutsche.demo.service.EmployeeService  : Attempting to delete employee with ID: 999
2025-07-31T09:55:16.748+05:30  WARN 17856 --- [deutsche-springboot-demo] [main] [                                                 ] c.deutsche.demo.service.EmployeeService  : Employee with ID 999 not found
2025-07-31T09:55:16.771+05:30  INFO 17856 --- [deutsche-springboot-demo] [SpringApplicationShutdownHook] [                                                 ] j.LocalContainerEntityManagerFactoryBean : Closing JPA EntityManagerFactory for persistence unit 'default'
2025-07-31T09:55:16.776+05:30  INFO 17856 --- [deutsche-springboot-demo] [SpringApplicationShutdownHook] [                                                 ] com.zaxxer.hikari.HikariDataSource       : HikariPool-1 - Shutdown initiated...
2025-07-31T09:55:16.781+05:30  INFO 17856 --- [deutsche-springboot-demo] [SpringApplicationShutdownHook] [                                                 ] com.zaxxer.hikari.HikariDataSource       : HikariPool-1 - Shutdown completed.
2025-07-31T09:57:20.248+05:30  INFO 6700 --- [deutsche-springboot-demo] [main] [                                                 ] c.d.demo.service.EmployeeServiceTest     : Starting EmployeeServiceTest using Java 17.0.1 with PID 6700 (started by abhin in C:\Users\abhin\IdeaProjects\db-training\abhin-db-bootcamp\deutsche-springboot-demo)
2025-07-31T09:57:20.251+05:30 DEBUG 6700 --- [deutsche-springboot-demo] [main] [                                                 ] c.d.demo.service.EmployeeServiceTest     : Running with Spring Boot v3.5.4, Spring v6.2.9
2025-07-31T09:57:20.254+05:30  INFO 6700 --- [deutsche-springboot-demo] [main] [                                                 ] c.d.demo.service.EmployeeServiceTest     : The following 1 profile is active: "test"
2025-07-31T09:57:21.800+05:30  INFO 6700 --- [deutsche-springboot-demo] [main] [                                                 ] .s.d.r.c.RepositoryConfigurationDelegate : Bootstrapping Spring Data JPA repositories in DEFAULT mode.
2025-07-31T09:57:21.868+05:30  INFO 6700 --- [deutsche-springboot-demo] [main] [                                                 ] .s.d.r.c.RepositoryConfigurationDelegate : Finished Spring Data repository scanning in 53 ms. Found 1 JPA repository interface.
2025-07-31T09:57:22.499+05:30  INFO 6700 --- [deutsche-springboot-demo] [main] [                                                 ] o.hibernate.jpa.internal.util.LogHelper  : HHH000204: Processing PersistenceUnitInfo [name: default]
2025-07-31T09:57:22.589+05:30  INFO 6700 --- [deutsche-springboot-demo] [main] [                                                 ] org.hibernate.Version                    : HHH000412: Hibernate ORM core version 6.6.22.Final
2025-07-31T09:57:22.643+05:30  INFO 6700 --- [deutsche-springboot-demo] [main] [                                                 ] o.h.c.internal.RegionFactoryInitiator    : HHH000026: Second-level cache disabled
2025-07-31T09:57:23.051+05:30  INFO 6700 --- [deutsche-springboot-demo] [main] [                                                 ] o.s.o.j.p.SpringPersistenceUnitInfo      : No LoadTimeWeaver setup: ignoring JPA class transformer
2025-07-31T09:57:23.100+05:30  INFO 6700 --- [deutsche-springboot-demo] [main] [                                                 ] com.zaxxer.hikari.HikariDataSource       : HikariPool-1 - Starting...
2025-07-31T09:57:23.363+05:30  INFO 6700 --- [deutsche-springboot-demo] [main] [                                                 ] com.zaxxer.hikari.pool.HikariPool        : HikariPool-1 - Added connection org.postgresql.jdbc.PgConnection@464a3430
2025-07-31T09:57:23.366+05:30  INFO 6700 --- [deutsche-springboot-demo] [main] [                                                 ] com.zaxxer.hikari.HikariDataSource       : HikariPool-1 - Start completed.
2025-07-31T09:57:23.469+05:30  INFO 6700 --- [deutsche-springboot-demo] [main] [                                                 ] org.hibernate.orm.connections.pooling    : HHH10001005: Database info:
	Database JDBC URL [Connecting through datasource 'HikariDataSource (HikariPool-1)']
	Database driver: undefined/unknown
	Database version: 17.5
	Autocommit mode: undefined/unknown
	Isolation level: undefined/unknown
	Minimum pool size: undefined/unknown
	Maximum pool size: undefined/unknown
2025-07-31T09:57:24.614+05:30  INFO 6700 --- [deutsche-springboot-demo] [main] [                                                 ] o.h.e.t.j.p.i.JtaPlatformInitiator       : HHH000489: No JTA platform available (set 'hibernate.transaction.jta.platform' to enable JTA platform integration)
2025-07-31T09:57:24.680+05:30  INFO 6700 --- [deutsche-springboot-demo] [main] [                                                 ] j.LocalContainerEntityManagerFactoryBean : Initialized JPA EntityManagerFactory for persistence unit 'default'
2025-07-31T09:57:25.236+05:30  WARN 6700 --- [deutsche-springboot-demo] [main] [                                                 ] JpaBaseConfiguration$JpaWebConfiguration : spring.jpa.open-in-view is enabled by default. Therefore, database queries may be performed during view rendering. Explicitly configure spring.jpa.open-in-view to disable this warning
2025-07-31T09:57:25.420+05:30  INFO 6700 --- [deutsche-springboot-demo] [main] [                                                 ] r$InitializeUserDetailsManagerConfigurer : Global AuthenticationManager configured with UserDetailsService bean with name userDetailsService
2025-07-31T09:57:26.894+05:30  INFO 6700 --- [deutsche-springboot-demo] [main] [                                                 ] o.s.b.a.e.web.EndpointLinksResolver      : Exposing 14 endpoints beneath base path '/actuator'
2025-07-31T09:57:27.032+05:30  INFO 6700 --- [deutsche-springboot-demo] [main] [                                                 ] c.d.demo.service.EmployeeServiceTest     : Started EmployeeServiceTest in 7.248 seconds (process running for 8.889)
2025-07-31T09:57:27.943+05:30  INFO 6700 --- [deutsche-springboot-demo] [SpringApplicationShutdownHook] [                                                 ] j.LocalContainerEntityManagerFactoryBean : Closing JPA EntityManagerFactory for persistence unit 'default'
2025-07-31T09:57:27.947+05:30  INFO 6700 --- [deutsche-springboot-demo] [SpringApplicationShutdownHook] [                                                 ] com.zaxxer.hikari.HikariDataSource       : HikariPool-1 - Shutdown initiated...
2025-07-31T09:57:27.949+05:30  INFO 6700 --- [deutsche-springboot-demo] [SpringApplicationShutdownHook] [                                                 ] com.zaxxer.hikari.HikariDataSource       : HikariPool-1 - Shutdown completed.
2025-07-31T10:00:05.463+05:30  INFO 7644 --- [deutsche-springboot-demo] [main] [                                                 ] c.d.demo.service.EmployeeServiceTest     : Starting EmployeeServiceTest using Java 17.0.1 with PID 7644 (started by abhin in C:\Users\abhin\IdeaProjects\db-training\abhin-db-bootcamp\deutsche-springboot-demo)
2025-07-31T10:00:05.465+05:30 DEBUG 7644 --- [deutsche-springboot-demo] [main] [                                                 ] c.d.demo.service.EmployeeServiceTest     : Running with Spring Boot v3.5.4, Spring v6.2.9
2025-07-31T10:00:05.466+05:30  INFO 7644 --- [deutsche-springboot-demo] [main] [                                                 ] c.d.demo.service.EmployeeServiceTest     : The following 1 profile is active: "test"
2025-07-31T10:00:06.861+05:30  INFO 7644 --- [deutsche-springboot-demo] [main] [                                                 ] .s.d.r.c.RepositoryConfigurationDelegate : Bootstrapping Spring Data JPA repositories in DEFAULT mode.
2025-07-31T10:00:06.928+05:30  INFO 7644 --- [deutsche-springboot-demo] [main] [                                                 ] .s.d.r.c.RepositoryConfigurationDelegate : Finished Spring Data repository scanning in 53 ms. Found 1 JPA repository interface.
2025-07-31T10:00:07.479+05:30  INFO 7644 --- [deutsche-springboot-demo] [main] [                                                 ] o.hibernate.jpa.internal.util.LogHelper  : HHH000204: Processing PersistenceUnitInfo [name: default]
2025-07-31T10:00:07.544+05:30  INFO 7644 --- [deutsche-springboot-demo] [main] [                                                 ] org.hibernate.Version                    : HHH000412: Hibernate ORM core version 6.6.22.Final
2025-07-31T10:00:07.593+05:30  INFO 7644 --- [deutsche-springboot-demo] [main] [                                                 ] o.h.c.internal.RegionFactoryInitiator    : HHH000026: Second-level cache disabled
2025-07-31T10:00:07.942+05:30  INFO 7644 --- [deutsche-springboot-demo] [main] [                                                 ] o.s.o.j.p.SpringPersistenceUnitInfo      : No LoadTimeWeaver setup: ignoring JPA class transformer
2025-07-31T10:00:07.988+05:30  INFO 7644 --- [deutsche-springboot-demo] [main] [                                                 ] com.zaxxer.hikari.HikariDataSource       : HikariPool-1 - Starting...
2025-07-31T10:00:08.205+05:30  INFO 7644 --- [deutsche-springboot-demo] [main] [                                                 ] com.zaxxer.hikari.pool.HikariPool        : HikariPool-1 - Added connection org.postgresql.jdbc.PgConnection@8d5da7e
2025-07-31T10:00:08.206+05:30  INFO 7644 --- [deutsche-springboot-demo] [main] [                                                 ] com.zaxxer.hikari.HikariDataSource       : HikariPool-1 - Start completed.
2025-07-31T10:00:08.295+05:30  INFO 7644 --- [deutsche-springboot-demo] [main] [                                                 ] org.hibernate.orm.connections.pooling    : HHH10001005: Database info:
	Database JDBC URL [Connecting through datasource 'HikariDataSource (HikariPool-1)']
	Database driver: undefined/unknown
	Database version: 17.5
	Autocommit mode: undefined/unknown
	Isolation level: undefined/unknown
	Minimum pool size: undefined/unknown
	Maximum pool size: undefined/unknown
2025-07-31T10:00:09.302+05:30  INFO 7644 --- [deutsche-springboot-demo] [main] [                                                 ] o.h.e.t.j.p.i.JtaPlatformInitiator       : HHH000489: No JTA platform available (set 'hibernate.transaction.jta.platform' to enable JTA platform integration)
2025-07-31T10:00:09.357+05:30  INFO 7644 --- [deutsche-springboot-demo] [main] [                                                 ] j.LocalContainerEntityManagerFactoryBean : Initialized JPA EntityManagerFactory for persistence unit 'default'
2025-07-31T10:00:09.845+05:30  WARN 7644 --- [deutsche-springboot-demo] [main] [                                                 ] JpaBaseConfiguration$JpaWebConfiguration : spring.jpa.open-in-view is enabled by default. Therefore, database queries may be performed during view rendering. Explicitly configure spring.jpa.open-in-view to disable this warning
2025-07-31T10:00:10.000+05:30  INFO 7644 --- [deutsche-springboot-demo] [main] [                                                 ] r$InitializeUserDetailsManagerConfigurer : Global AuthenticationManager configured with UserDetailsService bean with name userDetailsService
2025-07-31T10:00:11.257+05:30  INFO 7644 --- [deutsche-springboot-demo] [main] [                                                 ] o.s.b.a.e.web.EndpointLinksResolver      : Exposing 14 endpoints beneath base path '/actuator'
2025-07-31T10:00:11.384+05:30  INFO 7644 --- [deutsche-springboot-demo] [main] [                                                 ] c.d.demo.service.EmployeeServiceTest     : Started EmployeeServiceTest in 6.384 seconds (process running for 7.712)
2025-07-31T10:00:12.031+05:30  WARN 7644 --- [deutsche-springboot-demo] [main] [                                                 ] c.deutsche.demo.service.EmployeeService  : Attempting to delete employee with ID: 1
2025-07-31T10:00:12.362+05:30  WARN 7644 --- [deutsche-springboot-demo] [main] [                                                 ] c.deutsche.demo.service.EmployeeService  : Employee with ID 1 not found
2025-07-31T10:00:12.411+05:30 DEBUG 7644 --- [deutsche-springboot-demo] [main] [                                                 ] c.deutsche.demo.service.EmployeeService  : Searching for employees with Salary greater than : 150000.0
2025-07-31T10:00:12.470+05:30  INFO 7644 --- [deutsche-springboot-demo] [main] [                                                 ] c.deutsche.demo.service.EmployeeService  : Retrieving all employees from the database
2025-07-31T10:00:12.487+05:30 DEBUG 7644 --- [deutsche-springboot-demo] [main] [                                                 ] c.deutsche.demo.service.EmployeeService  : Searching for employee with ID: 1
2025-07-31T10:00:12.496+05:30  WARN 7644 --- [deutsche-springboot-demo] [main] [                                                 ] c.deutsche.demo.service.EmployeeService  : Employee with ID 1 not found
2025-07-31T10:00:12.510+05:30  INFO 7644 --- [deutsche-springboot-demo] [main] [                                                 ] c.deutsche.demo.service.EmployeeService  : Adding new employee: Charlie
2025-07-31T10:00:12.526+05:30 DEBUG 7644 --- [deutsche-springboot-demo] [main] [                                                 ] c.deutsche.demo.service.EmployeeService  : Searching for employee with ID: 999
2025-07-31T10:00:12.528+05:30  WARN 7644 --- [deutsche-springboot-demo] [main] [                                                 ] c.deutsche.demo.service.EmployeeService  : Employee with ID 999 not found
2025-07-31T10:00:12.542+05:30 DEBUG 7644 --- [deutsche-springboot-demo] [main] [                                                 ] c.deutsche.demo.service.EmployeeService  : Searching for employees with name containing: Alice
2025-07-31T10:00:12.563+05:30 DEBUG 7644 --- [deutsche-springboot-demo] [main] [                                                 ] c.deutsche.demo.service.EmployeeService  : Searching for employees with name containing: Charlie
2025-07-31T10:00:12.583+05:30 DEBUG 7644 --- [deutsche-springboot-demo] [main] [                                                 ] c.deutsche.demo.service.EmployeeService  : Searching for employees with Salary greater than : 50000.0
2025-07-31T10:00:12.599+05:30  INFO 7644 --- [deutsche-springboot-demo] [main] [                                                 ] c.deutsche.demo.service.EmployeeService  : Adding new employee: Bob
2025-07-31T10:00:12.619+05:30  WARN 7644 --- [deutsche-springboot-demo] [main] [                                                 ] c.deutsche.demo.service.EmployeeService  : Attempting to delete employee with ID: 999
2025-07-31T10:00:12.623+05:30  WARN 7644 --- [deutsche-springboot-demo] [main] [                                                 ] c.deutsche.demo.service.EmployeeService  : Employee with ID 999 not found
2025-07-31T10:00:12.640+05:30  INFO 7644 --- [deutsche-springboot-demo] [SpringApplicationShutdownHook] [                                                 ] j.LocalContainerEntityManagerFactoryBean : Closing JPA EntityManagerFactory for persistence unit 'default'
2025-07-31T10:00:12.643+05:30  INFO 7644 --- [deutsche-springboot-demo] [SpringApplicationShutdownHook] [                                                 ] com.zaxxer.hikari.HikariDataSource       : HikariPool-1 - Shutdown initiated...
2025-07-31T10:00:12.646+05:30  INFO 7644 --- [deutsche-springboot-demo] [SpringApplicationShutdownHook] [                                                 ] com.zaxxer.hikari.HikariDataSource       : HikariPool-1 - Shutdown completed.
